[0819/122743:INFO:CONSOLE(1)] "Mozilla/5.0 (Windows NT 6.2; WOW64) AppleWebKit/537.36 (KHTML, like Gecko) Chrome/49.0.2623.110 Safari/537.36 dingtalk-win/1.0.0 nw(0.14.7)", source: https://g.alicdn.com/ilw/ding/0.4.1/scripts/dingtalk.js (1)
[0819/122743:INFO:CONSOLE(1)] "很抱歉，尚未支持您所持设备", source: https://g.alicdn.com/ilw/ding/0.4.1/scripts/dingtalk.js (1)
[0819/122743:INFO:CONSOLE(1)] "很抱歉，尚未支持您所持设备", source: https://g.alicdn.com/ilw/ding/0.4.1/scripts/dingtalk.js (1)
[0819/122743:INFO:CONSOLE(66)] "正常", source: https://app.dingtalk.com/blackboard/notice.html?dd_nav_bgcolor=FF5E97F6&showmenu=true&dd_share=true&bid=8db022347a174a5197b51d595db4e4e0 (66)
[0819/122743:INFO:CONSOLE(2325)] "version:undefined", source: app://desktop.dingtalk.com/web_content/assets/app/js/app.js (2325)
[0819/122744:INFO:CONSOLE(0)] "'Document.defaultCharset' is deprecated and will be removed in M50, around April 2016. See https://www.chromestatus.com/features/6217124578066432 for more details.", source:  (0)
[0819/122749:INFO:CONSOLE(1)] "Mozilla/5.0 (Windows NT 6.2; WOW64) AppleWebKit/537.36 (KHTML, like Gecko) Chrome/49.0.2623.110 Safari/537.36 dingtalk-win/1.0.0 nw(0.14.7)", source: https://g.alicdn.com/ilw/ding/0.4.1/scripts/dingtalk.js (1)
[0819/122749:INFO:CONSOLE(1)] "很抱歉，尚未支持您所持设备", source: https://g.alicdn.com/ilw/ding/0.4.1/scripts/dingtalk.js (1)
[0819/122749:INFO:CONSOLE(1)] "很抱歉，尚未支持您所持设备", source: https://g.alicdn.com/ilw/ding/0.4.1/scripts/dingtalk.js (1)
[0819/122749:INFO:CONSOLE(66)] "正常", source: https://app.dingtalk.com/blackboard/notice.html?dd_nav_bgcolor=FF5E97F6&showmenu=true&dd_share=true&bid=38fc486b192232e16def8b34591c5c4f (66)
[0819/122749:INFO:CONSOLE(2325)] "version:undefined", source: app://desktop.dingtalk.com/web_content/assets/app/js/app.js (2325)
[0819/122802:INFO:CONSOLE(1)] "Mozilla/5.0 (Windows NT 6.2; WOW64) AppleWebKit/537.36 (KHTML, like Gecko) Chrome/49.0.2623.110 Safari/537.36 dingtalk-win/1.0.0 nw(0.14.7)", source: https://g.alicdn.com/ilw/ding/0.4.1/scripts/dingtalk.js (1)
[0819/122802:INFO:CONSOLE(1)] "很抱歉，尚未支持您所持设备", source: https://g.alicdn.com/ilw/ding/0.4.1/scripts/dingtalk.js (1)
[0819/122802:INFO:CONSOLE(1)] "很抱歉，尚未支持您所持设备", source: https://g.alicdn.com/ilw/ding/0.4.1/scripts/dingtalk.js (1)
[0819/122802:INFO:CONSOLE(66)] "正常", source: https://app.dingtalk.com/blackboard/notice.html?dd_nav_bgcolor=FF5E97F6&showmenu=true&dd_share=true&bid=8db022347a174a5197b51d595db4e4e0 (66)
[0819/122802:INFO:CONSOLE(2325)] "version:undefined", source: app://desktop.dingtalk.com/web_content/assets/app/js/app.js (2325)
[0819/122805:INFO:CONSOLE(1)] "Mozilla/5.0 (Windows NT 6.2; WOW64) AppleWebKit/537.36 (KHTML, like Gecko) Chrome/49.0.2623.110 Safari/537.36 dingtalk-win/1.0.0 nw(0.14.7)", source: https://g.alicdn.com/ilw/ding/0.4.1/scripts/dingtalk.js (1)
[0819/122805:INFO:CONSOLE(1)] "很抱歉，尚未支持您所持设备", source: https://g.alicdn.com/ilw/ding/0.4.1/scripts/dingtalk.js (1)
[0819/122805:INFO:CONSOLE(1)] "很抱歉，尚未支持您所持设备", source: https://g.alicdn.com/ilw/ding/0.4.1/scripts/dingtalk.js (1)
[0819/122805:INFO:CONSOLE(66)] "正常", source: https://app.dingtalk.com/blackboard/notice.html?dd_nav_bgcolor=FF5E97F6&showmenu=true&dd_share=true&bid=38fc486b192232e16def8b34591c5c4f (66)
[0819/122805:INFO:CONSOLE(2325)] "version:undefined", source: app://desktop.dingtalk.com/web_content/assets/app/js/app.js (2325)
[0819/122843:INFO:CONSOLE(0)] "Uncaught (in promise) #<Object>", source: undefined (0)
[0819/122849:INFO:CONSOLE(0)] "Uncaught (in promise) #<Object>", source: undefined (0)
[0819/122902:INFO:CONSOLE(0)] "Uncaught (in promise) #<Object>", source: undefined (0)
[0819/122905:INFO:CONSOLE(0)] "Uncaught (in promise) #<Object>", source: undefined (0)
